  [1m[35m (5.4ms)[0m  [1m[35mCREATE TABLE "schema_migrations" ("version" varchar NOT NULL PRIMARY KEY)[0m
  [1m[35m (4.3ms)[0m  [1m[35mCREATE TABLE "ar_internal_metadata" ("key" varchar NOT NULL PRIMARY KEY, "value" varchar, "created_at" datetime(6) NOT NULL, "updated_at" datetime(6) NOT NULL)[0m
  [1m[36mActiveRecord::SchemaMigration Pluck (0.1ms)[0m  [1m[34mSELECT "schema_migrations"."version" FROM "schema_migrations" ORDER BY "schema_migrations"."version" ASC[0m
Migrating to CreateUsers (20230322074212)
  [1m[36mTRANSACTION (0.1ms)[0m  [1m[36mbegin transaction[0m
  [1m[35m (0.4ms)[0m  [1m[35mCREATE TABLE "users" ("id" integer PRIMARY KEY AUTOINCREMENT NOT NULL, "username" varchar NOT NULL, "email" varchar NOT NULL, "password_digest" varchar NOT NULL, "created_at" datetime(6) NOT NULL, "updated_at" datetime(6) NOT NULL)[0m
  [1m[36mActiveRecord::SchemaMigration Create (1.1ms)[0m  [1m[32mINSERT INTO "schema_migrations" ("version") VALUES (?)[0m  [["version", "20230322074212"]]
  [1m[36mTRANSACTION (10.8ms)[0m  [1m[36mcommit transaction[0m
  [1m[36mActiveRecord::InternalMetadata Load (0.2ms)[0m  [1m[34mSELECT "ar_internal_metadata".* FROM "ar_internal_metadata" WHERE "ar_internal_metadata"."key" = ? LIMIT ?[0m  [["key", "environment"], ["LIMIT", 1]]
  [1m[36mTRANSACTION (0.1ms)[0m  [1m[36mbegin transaction[0m
  [1m[36mActiveRecord::InternalMetadata Create (0.3ms)[0m  [1m[32mINSERT INTO "ar_internal_metadata" ("key", "value", "created_at", "updated_at") VALUES (?, ?, ?, ?)[0m  [["key", "environment"], ["value", "development"], ["created_at", "2023-03-22 07:53:11.227710"], ["updated_at", "2023-03-22 07:53:11.227710"]]
  [1m[36mTRANSACTION (3.6ms)[0m  [1m[36mcommit transaction[0m
  [1m[36mActiveRecord::SchemaMigration Pluck (0.2ms)[0m  [1m[34mSELECT "schema_migrations"."version" FROM "schema_migrations" ORDER BY "schema_migrations"."version" ASC[0m
Started POST "/users" for 127.0.0.1 at 2023-03-22 11:18:03 +0300
  [1m[36mActiveRecord::SchemaMigration Pluck (0.2ms)[0m  [1m[34mSELECT "schema_migrations"."version" FROM "schema_migrations" ORDER BY "schema_migrations"."version" ASC[0m
  
SyntaxError (/home/user/Development/code/phase4/TaskRails/api/app/controllers/users_controller.rb:6: syntax error, unexpected ':', expecting `end'
            app_response: { message: "You have been re...
                        ^
/home/user/Development/code/phase4/TaskRails/api/app/controllers/users_controller.rb:8: syntax error, unexpected ':', expecting `end'
            app_response: { message: "Something went w...
                        ^
):
  
app/controllers/users_controller.rb:6: syntax error, unexpected ':', expecting `end'
app/controllers/users_controller.rb:8: syntax error, unexpected ':', expecting `end'
app/controllers/users_controller.rb:6: syntax error, unexpected ':', expecting `end'
app/controllers/users_controller.rb:8: syntax error, unexpected ':', expecting `end'
Started POST "/users" for 127.0.0.1 at 2023-03-22 11:18:42 +0300
  
SyntaxError (/home/user/Development/code/phase4/TaskRails/api/app/controllers/users_controller.rb:6: syntax error, unexpected ':', expecting `end'
            app_response: { message: "You have been re...
                        ^
/home/user/Development/code/phase4/TaskRails/api/app/controllers/users_controller.rb:8: syntax error, unexpected ':', expecting `end'
            app_response: { message: "Something went w...
                        ^
/home/user/Development/code/phase4/TaskRails/api/app/controllers/users_controller.rb:20: syntax error, unexpected `end', expecting end-of-input):
  
app/controllers/users_controller.rb:6: syntax error, unexpected ':', expecting `end'
app/controllers/users_controller.rb:8: syntax error, unexpected ':', expecting `end'
app/controllers/users_controller.rb:20: syntax error, unexpected `end', expecting end-of-input
app/controllers/users_controller.rb:6: syntax error, unexpected ':', expecting `end'
app/controllers/users_controller.rb:8: syntax error, unexpected ':', expecting `end'
app/controllers/users_controller.rb:20: syntax error, unexpected `end', expecting end-of-input
Started POST "/users" for 127.0.0.1 at 2023-03-22 11:20:34 +0300
  
SyntaxError (/home/user/Development/code/phase4/TaskRails/api/app/controllers/users_controller.rb:6: syntax error, unexpected ':', expecting '}'
...        app_response { message: "You have been registered su...
...                              ^
/home/user/Development/code/phase4/TaskRails/api/app/controllers/users_controller.rb:6: syntax error, unexpected ',', expecting `end'
... been registered successfully", status: :created, data: user...
...                              ^
/home/user/Development/code/phase4/TaskRails/api/app/controllers/users_controller.rb:8: syntax error, unexpected ':', expecting '}'
...        app_response { message: "Something went wrong with y...
...                              ^
/home/user/Development/code/phase4/TaskRails/api/app/controllers/users_controller.rb:8: syntax error, unexpected ',', expecting `end'
... wrong with your registration", status: :unprocessable_entit...
...                              ^
/home/user/Development/code/phase4/TaskRails/api/app/controllers/users_controller.rb:19: syntax error, unexpected end-of-input, expecting `end'):
  
app/controllers/users_controller.rb:6: syntax error, unexpected ':', expecting '}'
app/controllers/users_controller.rb:6: syntax error, unexpected ',', expecting `end'
app/controllers/users_controller.rb:8: syntax error, unexpected ':', expecting '}'
app/controllers/users_controller.rb:8: syntax error, unexpected ',', expecting `end'
app/controllers/users_controller.rb:19: syntax error, unexpected end-of-input, expecting `end'
app/controllers/users_controller.rb:6: syntax error, unexpected ':', expecting '}'
app/controllers/users_controller.rb:6: syntax error, unexpected ',', expecting `end'
app/controllers/users_controller.rb:8: syntax error, unexpected ':', expecting '}'
app/controllers/users_controller.rb:8: syntax error, unexpected ',', expecting `end'
app/controllers/users_controller.rb:19: syntax error, unexpected end-of-input, expecting `end'
Started POST "/users" for 127.0.0.1 at 2023-03-22 11:22:47 +0300
Processing by UsersController#register as */*
  Parameters: {"username"=>"richie", "email"=>"rich@gmail.com", "password"=>"[FILTERED]", "user"=>{"username"=>"richie", "email"=>"rich@gmail.com"}}
[31mUnpermitted parameter: :user. Context: { controller: UsersController, action: register, request: #<ActionDispatch::Request:0x00007f479823bef0>, params: {"username"=>"richie", "email"=>"rich@gmail.com", "password"=>"[FILTERED]", "controller"=>"users", "action"=>"register", "user"=>{"username"=>"richie", "email"=>"rich@gmail.com"}} }[0m
  [1m[36mTRANSACTION (0.1ms)[0m  [1m[36mbegin transaction[0m
  ↳ app/controllers/users_controller.rb:4:in `register'
  [1m[36mUser Exists? (0.3ms)[0m  [1m[34mSELECT 1 AS one FROM "users" WHERE "users"."username" = ? LIMIT ?[0m  [["username", "richie"], ["LIMIT", 1]]
  ↳ app/controllers/users_controller.rb:4:in `register'
  [1m[36mUser Exists? (0.2ms)[0m  [1m[34mSELECT 1 AS one FROM "users" WHERE "users"."email" = ? LIMIT ?[0m  [["email", "rich@gmail.com"], ["LIMIT", 1]]
  ↳ app/controllers/users_controller.rb:4:in `register'
  [1m[36mUser Create (0.3ms)[0m  [1m[32mINSERT INTO "users" ("username", "email", "password_digest", "created_at", "updated_at") VALUES (?, ?, ?, ?, ?)[0m  [["username", "richie"], ["email", "rich@gmail.com"], ["password_digest", "[FILTERED]"], ["created_at", "2023-03-22 08:22:48.423373"], ["updated_at", "2023-03-22 08:22:48.423373"]]
  ↳ app/controllers/users_controller.rb:4:in `register'
  [1m[36mTRANSACTION (6.3ms)[0m  [1m[36mcommit transaction[0m
  ↳ app/controllers/users_controller.rb:4:in `register'
  [1m[36mUser Exists? (0.3ms)[0m  [1m[34mSELECT 1 AS one FROM "users" WHERE "users"."username" = ? AND "users"."id" != ? LIMIT ?[0m  [["username", "richie"], ["id", 1], ["LIMIT", 1]]
  ↳ app/controllers/users_controller.rb:5:in `register'
  [1m[36mUser Exists? (0.3ms)[0m  [1m[34mSELECT 1 AS one FROM "users" WHERE "users"."email" = ? AND "users"."id" != ? LIMIT ?[0m  [["email", "rich@gmail.com"], ["id", 1], ["LIMIT", 1]]
  ↳ app/controllers/users_controller.rb:5:in `register'
Completed 200 OK in 280ms (Views: 0.5ms | ActiveRecord: 9.3ms | Allocations: 42553)


